mode: atomic
github.com/AxiomSamarth/home-loan-optimizer/pkg/homeloan/homeloan.go:13.44,23.2 4 5
github.com/AxiomSamarth/home-loan-optimizer/pkg/homeloan/homeloan.go:25.81,27.46 1 46
github.com/AxiomSamarth/home-loan-optimizer/pkg/homeloan/homeloan.go:32.2,33.79 2 46
github.com/AxiomSamarth/home-loan-optimizer/pkg/homeloan/homeloan.go:27.46,30.3 2 552
github.com/AxiomSamarth/home-loan-optimizer/pkg/homeloan/homeloan.go:36.53,37.50 1 5
github.com/AxiomSamarth/home-loan-optimizer/pkg/homeloan/homeloan.go:41.2,41.67 1 5
github.com/AxiomSamarth/home-loan-optimizer/pkg/homeloan/homeloan.go:37.50,40.3 2 46
github.com/AxiomSamarth/home-loan-optimizer/pkg/homeloan/homeloan.go:44.50,50.87 2 1
github.com/AxiomSamarth/home-loan-optimizer/pkg/homeloan/homeloan.go:85.2,85.24 1 1
github.com/AxiomSamarth/home-loan-optimizer/pkg/homeloan/homeloan.go:50.87,58.62 2 5
github.com/AxiomSamarth/home-loan-optimizer/pkg/homeloan/homeloan.go:81.3,83.58 3 5
github.com/AxiomSamarth/home-loan-optimizer/pkg/homeloan/homeloan.go:58.62,59.22 1 590
github.com/AxiomSamarth/home-loan-optimizer/pkg/homeloan/homeloan.go:63.4,74.21 8 586
github.com/AxiomSamarth/home-loan-optimizer/pkg/homeloan/homeloan.go:59.22,60.10 1 4
github.com/AxiomSamarth/home-loan-optimizer/pkg/homeloan/homeloan.go:74.21,79.5 4 46
github.com/AxiomSamarth/home-loan-optimizer/pkg/homeloan/homeloan.go:89.51,93.2 2 0
github.com/AxiomSamarth/home-loan-optimizer/pkg/homeloan/homeloan.go:97.57,103.16 4 1
github.com/AxiomSamarth/home-loan-optimizer/pkg/homeloan/homeloan.go:108.2,109.16 2 1
github.com/AxiomSamarth/home-loan-optimizer/pkg/homeloan/homeloan.go:114.2,115.44 2 1
github.com/AxiomSamarth/home-loan-optimizer/pkg/homeloan/homeloan.go:103.16,106.3 2 0
github.com/AxiomSamarth/home-loan-optimizer/pkg/homeloan/homeloan.go:109.16,112.3 2 0
